<?xml version="1.0" encoding="UTF-8"?>
<!-- Generated by org.testng.reporters.JUnitXMLReporter -->
<testsuite hostname="DESKTOP-B7ELS4L" ignored="0" name="Default test" tests="3" failures="0" timestamp="12 Dec 2022 04:10:47 GMT" time="16.168" errors="0">
  <testcase name="validateAddCategoryTest" time="5.783" classname="test.AddCategoryTest"/>
  <testcase name="validateDropDownTest" time="3.708" classname="test.AddCategoryTest"/>
  <testcase name="validateDuplicateDataTest" time="6.645" classname="test.AddCategoryTest"/>
</testsuite> <!-- Default test -->
